<?xml version="1.0" encoding="UTF-8"?>
<testsuite name="learning.GeneticAlgorithmTests" tests="2" skipped="0" failures="0" errors="0" timestamp="2021-06-05T19:45:39" hostname="DESKTOP-1CER5HD" time="0.022">
  <properties/>
  <testcase name="evolveTest()" classname="learning.GeneticAlgorithmTests" time="0.021"/>
  <testcase name="mutateAllTest()" classname="learning.GeneticAlgorithmTests" time="0.0"/>
  <system-out><![CDATA[Teaching the NN the AND expression.
Training now...

Best NN: Neural Network
Layers =
	[InputLayer, 
	Hidden Layer{
		nodes=[Node{weight=1.058116}, Node{weight=0.14106536}]}, 
	Hidden Layer{
		nodes=[Node{weight=0.0383929}, Node{weight=0.108670056}, Node{weight=1.4125656}, Node{weight=-0.46052575}]}, 
	Hidden Layer{
		nodes=[Node{weight=0.37402207}, Node{weight=-0.9408987}, Node{weight=0.9269055}, Node{weight=-0.06399673}, Node{weight=-0.3095855}, Node{weight=-0.25754374}, Node{weight=-0.38398498}, Node{weight=0.7901183}]}, 
	Hidden Layer{
		nodes=[Node{weight=1.6814117}]}], 
	Output Layer = RoundedOutputLayer

Outputs from Best NN: 
[0.0, 0.0] -> [0]
[0.0, 1.0] -> [0]
[1.0, 0.0] -> [0]
[1.0, 1.0] -> [1]
]]></system-out>
  <system-err><![CDATA[]]></system-err>
</testsuite>
