<?xml version="1.0" encoding="UTF-8"?>
<testsuite name="utilsTests.NodeGeneratorTests" tests="1" skipped="0" failures="0" errors="0" timestamp="2021-06-06T02:36:35" hostname="DESKTOP-1CER5HD" time="0.001">
  <properties/>
  <testcase name="nodeGenerator_success()" classname="utilsTests.NodeGeneratorTests" time="0.001"/>
  <system-out><![CDATA[]]></system-out>
  <system-err><![CDATA[]]></system-err>
</testsuite>
