<?xml version="1.0" encoding="UTF-8"?>
<testsuite name="utils.NodeGeneratorTests" tests="1" skipped="0" failures="0" errors="0" timestamp="2021-06-04T22:01:19" hostname="DESKTOP-1CER5HD" time="0.003">
  <properties/>
  <testcase name="nodeGenerator_success()" classname="utils.NodeGeneratorTests" time="0.003"/>
  <system-out><![CDATA[]]></system-out>
  <system-err><![CDATA[]]></system-err>
</testsuite>
