<?xml version="1.0" encoding="UTF-8"?>
<testsuite name="learning.GeneticAlgorithmTests" tests="1" skipped="0" failures="0" errors="0" timestamp="2021-06-05T06:01:31" hostname="DESKTOP-1CER5HD" time="0.115">
  <properties/>
  <testcase name="evolveTest()" classname="learning.GeneticAlgorithmTests" time="0.115"/>
  <system-out><![CDATA[[-7.0, -1.0, -25.0, -1.0, -15.0, -31.0, -1.0, -5.0, -32.0, -2.0, -21.0, -2.0, -6.0, -11.0, -35.0, 0.0, -2.0, -1.0, -40.0, -69.0]
[-1.0, -15.0, -5.0, -1.0, -1.0, -20.0, -5.0, -1.0, -1.0, -43.0, -2.0, -13.0, -18.0, -20.0, -13.0, -16.0, -15.0, -32.0, -1.0, -2.0]
[-1.0, -9.0, -2.0, -14.0, -9.0, -20.0, -9.0, -2.0, -5.0, -2.0, -1.0, -2.0, -1.0, -2.0, -2.0, -13.0, -2.0, -5.0, -6.0, -2.0]
[-4.0, -17.0, -8.0, -2.0, -9.0, -9.0, -1.0, -5.0, -1.0, -6.0, -1.0, -4.0, -8.0, -10.0, -2.0, -2.0, -13.0, -18.0, -5.0, -9.0]
[-2.0, -1.0, -9.0, -4.0, -2.0, -2.0, -8.0, -5.0, -2.0, -4.0, -14.0, -5.0, -5.0, -6.0, -1.0, -2.0, -9.0, -1.0, -2.0, -4.0]
[-4.0, -4.0, -2.0, -2.0, -4.0, -6.0, -5.0, -5.0, -1.0, -1.0, -1.0, -4.0, -2.0, -8.0, -12.0, -10.0, -1.0, -1.0, -9.0, -2.0]
[-1.0, -2.0, -2.0, -10.0, -9.0, -2.0, -5.0, -2.0, -5.0, -1.0, -6.0, -1.0, -1.0, -2.0, -4.0, -4.0, -1.0, -1.0, -2.0, -5.0]
[-2.0, -1.0, -2.0, -1.0, -1.0, -4.0, -1.0, -2.0, -1.0, -2.0, -16.0, -2.0, -2.0, -1.0, -1.0, -1.0, -2.0, -1.0, -1.0, -2.0]
[-2.0, -1.0, -1.0, -2.0, -1.0, -1.0, -1.0, -1.0, -2.0, -1.0, -1.0, -1.0, -1.0, -1.0, -2.0, -1.0, -2.0, -1.0, -1.0, -1.0]
[-1.0, -2.0, -1.0, -1.0, -1.0, -1.0, -1.0, -1.0, 0.0, -4.0, -1.0, -1.0, -1.0, -1.0, -1.0, -1.0, -1.0, -1.0, -4.0, -1.0]
Best NN: Neural Network
Layers =
	[InputLayer, 
	Hidden Layer{
		nodes=[Node{weight=0.6344574}, Node{weight=-0.8012175}]}, 
	Hidden Layer{
		nodes=[Node{weight=0.84155214}, Node{weight=1.3836374}, Node{weight=-0.41228878}, Node{weight=0.730115}]}, 
	Hidden Layer{
		nodes=[Node{weight=1.80085}, Node{weight=0.058322947}, Node{weight=0.0010176748}, Node{weight=0.07500201}, Node{weight=-0.28863177}, Node{weight=-0.54350543}, Node{weight=1.1419463}, Node{weight=1.6505605}]}, 
	Hidden Layer{
		nodes=[Node{weight=-0.1513381}]}], 
	Output Layer = RoundedOutputLayer
0 0 -> [0]
0 1 -> [0]
1 0 -> [0]
1 1 -> [1]
]]></system-out>
  <system-err><![CDATA[]]></system-err>
</testsuite>
