<?xml version="1.0" encoding="UTF-8"?>
<testsuite name="layers.HiddenLayerTests" tests="2" skipped="0" failures="0" errors="0" timestamp="2021-06-05T18:49:53" hostname="DESKTOP-1CER5HD" time="0.003">
  <properties/>
  <testcase name="calc()" classname="layers.HiddenLayerTests" time="0.001"/>
  <testcase name="getNodes()" classname="layers.HiddenLayerTests" time="0.001"/>
  <system-out><![CDATA[]]></system-out>
  <system-err><![CDATA[]]></system-err>
</testsuite>
