<?xml version="1.0" encoding="UTF-8"?>
<testsuite name="base.NeuralNetworkTests" tests="7" skipped="0" failures="0" errors="0" timestamp="2021-06-05T19:45:39" hostname="DESKTOP-1CER5HD" time="0.09">
  <properties/>
  <testcase name="cloneTest()" classname="base.NeuralNetworkTests" time="0.026"/>
  <testcase name="calcTest()" classname="base.NeuralNetworkTests" time="0.038"/>
  <testcase name="addLayersTest()" classname="base.NeuralNetworkTests" time="0.002"/>
  <testcase name="calcAllTest()" classname="base.NeuralNetworkTests" time="0.003"/>
  <testcase name="getNodesTest()" classname="base.NeuralNetworkTests" time="0.001"/>
  <testcase name="toStringTest()" classname="base.NeuralNetworkTests" time="0.005"/>
  <testcase name="setNodesTest()" classname="base.NeuralNetworkTests" time="0.005"/>
  <system-out><![CDATA[Test Network
Layers =
	[InputLayer, 
	Hidden Layer{
		nodes=[Node{weight=0.5}, Node{weight=0.5}]}, 
	Hidden Layer{
		nodes=[Node{weight=1.0}]}], 
	Output Layer = RoundedOutputLayer
Test Network
Layers =
	[InputLayer, 
	Hidden Layer{
		nodes=[Node{weight=0.5}, Node{weight=0.5}]}, 
	Hidden Layer{
		nodes=[Node{weight=1.0}]}], 
	Output Layer = RoundedOutputLayer
[[0.0, 0.0], [0.0, 1.0], [1.0, 0.0], [1.0, 1.0]]
[[0], [1], [1], [2]]
Neural Network
Layers =
	[InputLayer, 
	Hidden Layer{
		nodes=[Node{weight=0.742252}, Node{weight=0.01602}, Node{weight=0.17493695}, Node{weight=0.7735357}, Node{weight=0.6569533}]}, 
	Hidden Layer{
		nodes=[Node{weight=0.57992566}, Node{weight=0.6421026}, Node{weight=0.55517405}, Node{weight=0.5527716}, Node{weight=0.15866494}, Node{weight=0.95114344}, Node{weight=0.8227635}]}, 
	Hidden Layer{
		nodes=[Node{weight=0.06717646}, Node{weight=0.12565488}, Node{weight=0.6574082}, Node{weight=0.4186644}, Node{weight=0.2859106}]}], 
	Output Layer = OutputLayer
]]></system-out>
  <system-err><![CDATA[]]></system-err>
</testsuite>
