<?xml version="1.0" encoding="UTF-8"?>
<testsuite name="utilsTests.FitnessFunctionsTests" tests="1" skipped="0" failures="0" errors="0" timestamp="2021-06-06T02:36:35" hostname="DESKTOP-1CER5HD" time="0.006">
  <properties/>
  <testcase name="NegativeSumOfAbsoluteDifferences()" classname="utilsTests.FitnessFunctionsTests" time="0.006"/>
  <system-out><![CDATA[Test Network
Layers =
	[InputLayer, 
	Hidden Layer{
		nodes=[Node{weight=0.5}, Node{weight=0.5}]}, 
	Hidden Layer{
		nodes=[Node{weight=1.0}]}], 
	Output Layer = RoundedOutputLayer
Inputs: [[0.0, 0.0], [0.0, 1.0], [1.0, 0.0], [1.0, 1.0]]
Expected Outputs: [[0], [1], [1], [0]]
Actual Outputs: [[0], [1], [1], [2]]
-2.0
]]></system-out>
  <system-err><![CDATA[]]></system-err>
</testsuite>
