<?xml version="1.0" encoding="UTF-8"?>
<testsuite name="base.NeuralNetworkTests" tests="7" skipped="0" failures="0" errors="0" timestamp="2021-06-05T20:21:19" hostname="DESKTOP-1CER5HD" time="0.065">
  <properties/>
  <testcase name="cloneTest()" classname="base.NeuralNetworkTests" time="0.023"/>
  <testcase name="calcTest()" classname="base.NeuralNetworkTests" time="0.024"/>
  <testcase name="addLayersTest()" classname="base.NeuralNetworkTests" time="0.001"/>
  <testcase name="calcAllTest()" classname="base.NeuralNetworkTests" time="0.003"/>
  <testcase name="getNodesTest()" classname="base.NeuralNetworkTests" time="0.0"/>
  <testcase name="toStringTest()" classname="base.NeuralNetworkTests" time="0.002"/>
  <testcase name="setNodesTest()" classname="base.NeuralNetworkTests" time="0.002"/>
  <system-out><![CDATA[Test Network
Layers =
	[InputLayer, 
	Hidden Layer{
		nodes=[Node{weight=0.5}, Node{weight=0.5}]}, 
	Hidden Layer{
		nodes=[Node{weight=1.0}]}], 
	Output Layer = RoundedOutputLayer
Test Network
Layers =
	[InputLayer, 
	Hidden Layer{
		nodes=[Node{weight=0.5}, Node{weight=0.5}]}, 
	Hidden Layer{
		nodes=[Node{weight=1.0}]}], 
	Output Layer = RoundedOutputLayer
[[0.0, 0.0], [0.0, 1.0], [1.0, 0.0], [1.0, 1.0]]
[[0], [1], [1], [2]]
Neural Network
Layers =
	[InputLayer, 
	Hidden Layer{
		nodes=[Node{weight=0.22685826}, Node{weight=0.71204907}, Node{weight=0.46068907}, Node{weight=0.49377352}, Node{weight=0.4871943}]}, 
	Hidden Layer{
		nodes=[Node{weight=0.1388846}, Node{weight=0.21273804}, Node{weight=0.9395361}, Node{weight=0.19788975}, Node{weight=0.8022423}, Node{weight=0.9394142}, Node{weight=0.9105799}]}, 
	Hidden Layer{
		nodes=[Node{weight=0.9840379}, Node{weight=0.3004738}, Node{weight=0.9122174}, Node{weight=0.4958275}, Node{weight=0.6504759}]}], 
	Output Layer = OutputLayer
]]></system-out>
  <system-err><![CDATA[]]></system-err>
</testsuite>
