<?xml version="1.0" encoding="UTF-8"?>
<testsuite name="layers.InputLayerTests" tests="2" skipped="0" failures="0" errors="0" timestamp="2021-06-05T19:45:39" hostname="DESKTOP-1CER5HD" time="0.004">
  <properties/>
  <testcase name="calc()" classname="layers.InputLayerTests" time="0.001"/>
  <testcase name="getNodes()" classname="layers.InputLayerTests" time="0.002"/>
  <system-out><![CDATA[]]></system-out>
  <system-err><![CDATA[]]></system-err>
</testsuite>
