<?xml version="1.0" encoding="UTF-8"?>
<testsuite name="utils.GeneticAlgorithmUtilTests" tests="1" skipped="0" failures="0" errors="0" timestamp="2021-06-05T03:14:21" hostname="DESKTOP-1CER5HD" time="0.064">
  <properties/>
  <testcase name="floatReverseComparatorTest()" classname="utils.GeneticAlgorithmUtilTests" time="0.064"/>
  <system-out><![CDATA[[4.22, 3.14159, 2.15]
]]></system-out>
  <system-err><![CDATA[]]></system-err>
</testsuite>
