<?xml version="1.0" encoding="UTF-8"?>
<testsuite name="layers.HiddenLayerTests" tests="2" skipped="0" failures="0" errors="0" timestamp="2021-06-04T22:01:19" hostname="DESKTOP-1CER5HD" time="0.006">
  <properties/>
  <testcase name="calc()" classname="layers.HiddenLayerTests" time="0.003"/>
  <testcase name="getNodes()" classname="layers.HiddenLayerTests" time="0.002"/>
  <system-out><![CDATA[]]></system-out>
  <system-err><![CDATA[]]></system-err>
</testsuite>
